Admin login ok. Updating driver app settings...
{
    "success": true,
    "message": "Driver app config retrieved successfully",
    "data": {
        "force_update": true,
        "min_version": "1.1.0",
        "latest_version": "1.1.0",
        "update_url": null,
        "message": "Update your app now"
    }
}
Driver login ok. Fetching /driver/app-config...
{
    "success": true,
    "message": "Driver app config retrieved successfully",
    "data": {
        "force_update": true,
        "min_version": "1.1.0",
        "latest_version": "1.1.0",
        "update_url": null,
        "message": "Update your app now",
        "is_banned": false,
        "ban_reason": null
    }
}
